
Gurobi 11.0.2 (win64) logging started Thu Nov 28 15:40:35 2024

Set parameter LogFile to value "ExactOutput\Node-A5-1_Noise-1\UAV-MGHPDTWVRP-noise.log"
Gurobi Optimizer version 11.0.2 build v11.0.2rc0 (win64 - Windows 10.0 (19045.2))

CPU model: 11th Gen Intel(R) Core(TM) i5-11300H @ 3.10GHz, instruction set [SSE2|AVX|AVX2|AVX512]
Thread count: 4 physical cores, 8 logical processors, using up to 8 threads

Optimize a model with 38463 rows, 18606 columns and 92164 nonzeros
Model fingerprint: 0xa5ef1e8d
Model has 3330 quadratic objective terms
Variable types: 11274 continuous, 7332 integer (7332 binary)
Coefficient statistics:
  Matrix range     [2e-02, 4e+04]
  Objective range  [1e-07, 5e+01]
  QObjective range [2e-07, 2e-07]
  Bounds range     [1e+00, 1e+00]
  RHS range        [3e-01, 1e+05]
Presolve removed 36332 rows and 17548 columns
Presolve time: 1.21s
Presolved: 2131 rows, 1058 columns, 12825 nonzeros
Variable types: 294 continuous, 764 integer (764 binary)

Root relaxation: objective 0.000000e+00, 226 iterations, 0.01 seconds (0.01 work units)

    Nodes    |    Current Node    |     Objective Bounds      |     Work
 Expl Unexpl |  Obj  Depth IntInf | Incumbent    BestBd   Gap | It/Node Time

     0     0    0.00000    0   15          -    0.00000      -     -    1s
     0     0    0.00000    0   30          -    0.00000      -     -    1s
H    0     0                      50.0000000    0.00000   100%     -    1s
     0     0    0.00000    0   20   50.00000    0.00000   100%     -    1s
     0     0    0.00000    0   20   50.00000    0.00000   100%     -    1s
     0     0    0.00000    0    6   50.00000    0.00000   100%     -    1s
     0     0    0.00000    0    6   50.00000    0.00000   100%     -    1s
     0     0    0.00000    0   10   50.00000    0.00000   100%     -    1s
     0     0    0.00000    0   33   50.00000    0.00000   100%     -    1s
     0     0    0.00000    0   11   50.00000    0.00000   100%     -    1s
     0     0    0.00000    0   10   50.00000    0.00000   100%     -    1s
     0     0    0.00000    0    7   50.00000    0.00000   100%     -    1s
     0     0    0.00000    0    7   50.00000    0.00000   100%     -    1s
     0     0    0.00000    0    9   50.00000    0.00000   100%     -    1s
     0     0    0.00000    0   25   50.00000    0.00000   100%     -    1s
     0     0    0.00000    0   25   50.00000    0.00000   100%     -    1s
     0     0    0.00000    0    6   50.00000    0.00000   100%     -    1s
     0     0    0.00000    0    6   50.00000    0.00000   100%     -    1s
     0     0    0.00000    0    8   50.00000    0.00000   100%     -    1s
     0     0    0.00000    0   16   50.00000    0.00000   100%     -    1s
     0     0    0.00000    0    7   50.00000    0.00000   100%     -    2s
     0     0    0.00000    0    9   50.00000    0.00000   100%     -    2s
     0     0    0.00000    0   15   50.00000    0.00000   100%     -    2s
     0     0    0.00000    0   14   50.00000    0.00000   100%     -    2s
     0     0    0.00000    0   11   50.00000    0.00000   100%     -    2s
     0     2    0.00000    0    8   50.00000    0.00000   100%     -    2s
H 2218   566                      38.0440000    0.00000   100%  13.2    3s
H 4396   796                      37.0000000    0.00000   100%  14.6    5s
 15633   723   26.39300   60   11   37.00000    0.00000   100%  20.5   10s

Cutting planes:
  Gomory: 1
  Implied bound: 34
  Projected implied bound: 1
  MIR: 6
  Flow cover: 20
  RLT: 10
  Relax-and-lift: 10

Explored 21087 nodes (439771 simplex iterations) in 12.62 seconds (12.23 work units)
Thread count was 8 (of 8 available processors)

Solution count 4: 37 38.044 50 50 

Optimal solution found (tolerance 1.00e-04)
Best objective 3.700000000000e+01, best bound 3.700000000000e+01, gap 0.0000%

Gurobi 11.0.2 (win64) logging started Thu Nov 28 21:53:46 2024

Set parameter LogFile to value "ExactOutput\Node-A5-1_Noise-1\UAV-MGHPDTWVRP-noise.log"
Gurobi Optimizer version 11.0.2 build v11.0.2rc0 (win64 - Windows 10.0 (19045.2))

CPU model: 11th Gen Intel(R) Core(TM) i5-11300H @ 3.10GHz, instruction set [SSE2|AVX|AVX2|AVX512]
Thread count: 4 physical cores, 8 logical processors, using up to 8 threads

Optimize a model with 38463 rows, 18606 columns and 92164 nonzeros
Model fingerprint: 0xa5ef1e8d
Model has 3330 quadratic objective terms
Variable types: 11274 continuous, 7332 integer (7332 binary)
Coefficient statistics:
  Matrix range     [2e-02, 4e+04]
  Objective range  [1e-07, 5e+01]
  QObjective range [2e-07, 2e-07]
  Bounds range     [1e+00, 1e+00]
  RHS range        [3e-01, 1e+05]
Presolve removed 36332 rows and 17548 columns
Presolve time: 1.26s
Presolved: 2131 rows, 1058 columns, 12825 nonzeros
Variable types: 294 continuous, 764 integer (764 binary)

Root relaxation: objective 0.000000e+00, 226 iterations, 0.01 seconds (0.01 work units)

    Nodes    |    Current Node    |     Objective Bounds      |     Work
 Expl Unexpl |  Obj  Depth IntInf | Incumbent    BestBd   Gap | It/Node Time

     0     0    0.00000    0   15          -    0.00000      -     -    1s
     0     0    0.00000    0   30          -    0.00000      -     -    1s
H    0     0                      50.0000000    0.00000   100%     -    1s
     0     0    0.00000    0   20   50.00000    0.00000   100%     -    1s
     0     0    0.00000    0   20   50.00000    0.00000   100%     -    1s
     0     0    0.00000    0    6   50.00000    0.00000   100%     -    1s
     0     0    0.00000    0    6   50.00000    0.00000   100%     -    1s
     0     0    0.00000    0   10   50.00000    0.00000   100%     -    1s
     0     0    0.00000    0   33   50.00000    0.00000   100%     -    1s
     0     0    0.00000    0   11   50.00000    0.00000   100%     -    1s
     0     0    0.00000    0   10   50.00000    0.00000   100%     -    1s
     0     0    0.00000    0    7   50.00000    0.00000   100%     -    1s
     0     0    0.00000    0    7   50.00000    0.00000   100%     -    1s
     0     0    0.00000    0    9   50.00000    0.00000   100%     -    1s
     0     0    0.00000    0   25   50.00000    0.00000   100%     -    1s
     0     0    0.00000    0   25   50.00000    0.00000   100%     -    1s
     0     0    0.00000    0    6   50.00000    0.00000   100%     -    1s
     0     0    0.00000    0    6   50.00000    0.00000   100%     -    2s
     0     0    0.00000    0    8   50.00000    0.00000   100%     -    2s
     0     0    0.00000    0   16   50.00000    0.00000   100%     -    2s
     0     0    0.00000    0    7   50.00000    0.00000   100%     -    2s
     0     0    0.00000    0    9   50.00000    0.00000   100%     -    2s
     0     0    0.00000    0   15   50.00000    0.00000   100%     -    2s
     0     0    0.00000    0   14   50.00000    0.00000   100%     -    2s
     0     0    0.00000    0   11   50.00000    0.00000   100%     -    2s
     0     2    0.00000    0    8   50.00000    0.00000   100%     -    2s
H 2218   566                      38.0440000    0.00000   100%  13.2    3s
  4284   820    0.00000   12   28   38.04400    0.00000   100%  14.0    5s
H 4396   796                      37.0000000    0.00000   100%  14.6    5s
 13242   745 infeasible   47        37.00000    0.00000   100%  19.8   10s

Cutting planes:
  Gomory: 1
  Implied bound: 34
  Projected implied bound: 1
  MIR: 6
  Flow cover: 20
  RLT: 10
  Relax-and-lift: 10

Explored 21087 nodes (439771 simplex iterations) in 13.59 seconds (12.23 work units)
Thread count was 8 (of 8 available processors)

Solution count 4: 37 38.044 50 50 

Optimal solution found (tolerance 1.00e-04)
Best objective 3.700000000000e+01, best bound 3.700000000000e+01, gap 0.0000%

Gurobi 11.0.2 (win64) logging started Fri Nov 29 12:19:08 2024

Set parameter LogFile to value "ExactOutput\Node-A5-1_Noise-1\UAV-MGHPDTWVRP-noise.log"
Gurobi Optimizer version 11.0.2 build v11.0.2rc0 (win64 - Windows 10.0 (19045.2))

CPU model: 11th Gen Intel(R) Core(TM) i5-11300H @ 3.10GHz, instruction set [SSE2|AVX|AVX2|AVX512]
Thread count: 4 physical cores, 8 logical processors, using up to 8 threads

Optimize a model with 38463 rows, 18606 columns and 91780 nonzeros
Model fingerprint: 0xb20d57da
Model has 3330 quadratic objective terms
Variable types: 11274 continuous, 7332 integer (7332 binary)
Coefficient statistics:
  Matrix range     [2e-01, 4e+04]
  Objective range  [1e-07, 5e+01]
  QObjective range [2e-07, 2e-07]
  Bounds range     [1e+00, 1e+00]
  RHS range        [6e-01, 1e+05]
Presolve removed 37278 rows and 18037 columns
Presolve time: 1.23s
Presolved: 1185 rows, 569 columns, 5959 nonzeros
Variable types: 133 continuous, 436 integer (436 binary)

Root relaxation: objective 0.000000e+00, 186 iterations, 0.00 seconds (0.00 work units)

    Nodes    |    Current Node    |     Objective Bounds      |     Work
 Expl Unexpl |  Obj  Depth IntInf | Incumbent    BestBd   Gap | It/Node Time

     0     0    0.00000    0   10          -    0.00000      -     -    1s
H    0     0                      76.0220000    0.00000   100%     -    1s
     0     0    0.00000    0    8   76.02200    0.00000   100%     -    1s
     0     0    0.00000    0   16   76.02200    0.00000   100%     -    1s
     0     0    0.00000    0   13   76.02200    0.00000   100%     -    1s
H    0     0                      69.0100000    0.00000   100%     -    1s
     0     0    0.00000    0   13   69.01000    0.00000   100%     -    1s
     0     0    0.00000    0    8   69.01000    0.00000   100%     -    1s
     0     0    0.00000    0    8   69.01000    0.00000   100%     -    1s
     0     0    0.00000    0    8   69.01000    0.00000   100%     -    1s
H    0     0                      67.6940000    0.00000   100%     -    1s
     0     0    0.00000    0    8   67.69400    0.00000   100%     -    1s
     0     0    0.00000    0    8   67.69400    0.00000   100%     -    1s
     0     0    0.00000    0    7   67.69400    0.00000   100%     -    1s
H    0     0                      63.5470000    0.00000   100%     -    1s
     0     0    0.00000    0   19   63.54700    0.00000   100%     -    1s
     0     0    0.00000    0    7   63.54700    0.00000   100%     -    1s
     0     0    0.00000    0    7   63.54700    0.00000   100%     -    1s
H    0     0                      63.2870000    0.00000   100%     -    1s
H    0     0                      60.0780000    0.00000   100%     -    1s
     0     2    0.00000    0    7   60.07800    0.00000   100%     -    1s
*   88    64              22      59.2490000    0.00000   100%  12.9    1s
H  194   102                      53.0390000    0.00000   100%  11.2    1s
H  252   144                      52.7900000    0.00000   100%  11.6    1s
H  258   144                      51.5140000    0.00000   100%  11.5    1s
H  303   162                      50.6240000    0.00000   100%  11.7    1s
H  588   272                      50.4740000    0.00000   100%  11.8    2s
H  720   320                      50.0000000    0.00000   100%  12.0    2s
H 5141   456                      30.6280000    0.00000   100%  10.6    3s
H 5145   435                      27.5940000    0.00000   100%  10.6    3s
H 5293   498                      27.0940000    0.00000   100%  11.9    4s
H 5301   473                      26.7610000    0.00000   100%  11.9    4s
* 5540   409              29      26.3510000    0.00000   100%  12.2    4s
H 5589   383                      25.3150000    0.00000   100%  12.2    4s
* 6120   284              41      25.0000000    0.00000   100%  12.7    4s
  7409   227    0.00000   31   12   25.00000    0.00000   100%  14.1    5s

Cutting planes:
  Implied bound: 3
  MIR: 1
  Flow cover: 8
  Zero half: 1
  RLT: 3

Explored 11680 nodes (203947 simplex iterations) in 6.53 seconds (5.28 work units)
Thread count was 8 (of 8 available processors)

Solution count 10: 25 25.315 26.351 ... 50.624

Optimal solution found (tolerance 1.00e-04)
Best objective 2.500000000000e+01, best bound 2.500000000000e+01, gap 0.0000%

Gurobi 11.0.2 (win64) logging started Fri Nov 29 12:19:39 2024

Set parameter LogFile to value "ExactOutput\Node-A5-1_Noise-1\UAV-MGHPDTWVRP-noise.log"
Gurobi Optimizer version 11.0.2 build v11.0.2rc0 (win64 - Windows 10.0 (19045.2))

CPU model: 11th Gen Intel(R) Core(TM) i5-11300H @ 3.10GHz, instruction set [SSE2|AVX|AVX2|AVX512]
Thread count: 4 physical cores, 8 logical processors, using up to 8 threads

Optimize a model with 38463 rows, 18606 columns and 91780 nonzeros
Model fingerprint: 0xb20d57da
Model has 3330 quadratic objective terms
Variable types: 11274 continuous, 7332 integer (7332 binary)
Coefficient statistics:
  Matrix range     [2e-01, 4e+04]
  Objective range  [1e-07, 5e+01]
  QObjective range [2e-07, 2e-07]
  Bounds range     [1e+00, 1e+00]
  RHS range        [6e-01, 1e+05]
Presolve removed 37278 rows and 18037 columns
Presolve time: 1.14s
Presolved: 1185 rows, 569 columns, 5959 nonzeros
Variable types: 133 continuous, 436 integer (436 binary)

Root relaxation: objective 0.000000e+00, 186 iterations, 0.00 seconds (0.00 work units)

    Nodes    |    Current Node    |     Objective Bounds      |     Work
 Expl Unexpl |  Obj  Depth IntInf | Incumbent    BestBd   Gap | It/Node Time

     0     0    0.00000    0   10          -    0.00000      -     -    1s
H    0     0                      76.0220000    0.00000   100%     -    1s
     0     0    0.00000    0    8   76.02200    0.00000   100%     -    1s
     0     0    0.00000    0   16   76.02200    0.00000   100%     -    1s
     0     0    0.00000    0   13   76.02200    0.00000   100%     -    1s
H    0     0                      69.0100000    0.00000   100%     -    1s
     0     0    0.00000    0   13   69.01000    0.00000   100%     -    1s
     0     0    0.00000    0    8   69.01000    0.00000   100%     -    1s
     0     0    0.00000    0    8   69.01000    0.00000   100%     -    1s
     0     0    0.00000    0    8   69.01000    0.00000   100%     -    1s
H    0     0                      67.6940000    0.00000   100%     -    1s
     0     0    0.00000    0    8   67.69400    0.00000   100%     -    1s
     0     0    0.00000    0    8   67.69400    0.00000   100%     -    1s
     0     0    0.00000    0    7   67.69400    0.00000   100%     -    1s
H    0     0                      63.5470000    0.00000   100%     -    1s
     0     0    0.00000    0   19   63.54700    0.00000   100%     -    1s
     0     0    0.00000    0    7   63.54700    0.00000   100%     -    1s
     0     0    0.00000    0    7   63.54700    0.00000   100%     -    1s
H    0     0                      63.2870000    0.00000   100%     -    1s
H    0     0                      60.0780000    0.00000   100%     -    1s
     0     2    0.00000    0    7   60.07800    0.00000   100%     -    1s
*   88    64              22      59.2490000    0.00000   100%  12.9    1s
H  194   102                      53.0390000    0.00000   100%  11.2    1s
H  252   144                      52.7900000    0.00000   100%  11.6    1s
H  258   144                      51.5140000    0.00000   100%  11.5    1s
H  303   162                      50.6240000    0.00000   100%  11.7    1s
H  588   272                      50.4740000    0.00000   100%  11.8    1s
H  720   320                      50.0000000    0.00000   100%  12.0    2s
H 5141   456                      30.6280000    0.00000   100%  10.6    3s
H 5145   435                      27.5940000    0.00000   100%  10.6    3s
H 5293   498                      27.0940000    0.00000   100%  11.9    3s
H 5301   473                      26.7610000    0.00000   100%  11.9    3s
* 5540   409              29      26.3510000    0.00000   100%  12.2    4s
H 5589   383                      25.3150000    0.00000   100%  12.2    4s
* 6120   284              41      25.0000000    0.00000   100%  12.7    4s
  7349   233    0.00000   36    9   25.00000    0.00000   100%  14.0    5s

Cutting planes:
  Implied bound: 3
  MIR: 1
  Flow cover: 8
  Zero half: 1
  RLT: 3

Explored 11680 nodes (203947 simplex iterations) in 6.45 seconds (5.28 work units)
Thread count was 8 (of 8 available processors)

Solution count 10: 25 25.315 26.351 ... 50.624

Optimal solution found (tolerance 1.00e-04)
Best objective 2.500000000000e+01, best bound 2.500000000000e+01, gap 0.0000%
