
Gurobi 11.0.2 (win64) logging started Thu Nov 28 15:42:50 2024

Set parameter LogFile to value "ExactOutput\Node-A5-2_Noise-3\UAV-MGHPDTWVRP-noise.log"
Gurobi Optimizer version 11.0.2 build v11.0.2rc0 (win64 - Windows 10.0 (19045.2))

CPU model: 11th Gen Intel(R) Core(TM) i5-11300H @ 3.10GHz, instruction set [SSE2|AVX|AVX2|AVX512]
Thread count: 4 physical cores, 8 logical processors, using up to 8 threads

Optimize a model with 105063 rows, 51906 columns and 245895 nonzeros
Model fingerprint: 0x98b5acfd
Model has 9990 quadratic objective terms
Variable types: 31254 continuous, 20652 integer (20652 binary)
Coefficient statistics:
  Matrix range     [1e-02, 4e+04]
  Objective range  [1e-07, 5e+01]
  QObjective range [2e-07, 2e-07]
  Bounds range     [1e+00, 1e+00]
  RHS range        [1e+00, 1e+05]
Presolve removed 100414 rows and 30200 columns
Presolve time: 1.25s
Presolved: 24629 rows, 51676 columns, 64158 nonzeros
Presolved model has 19980 SOS constraint(s)
Variable types: 30616 continuous, 21060 integer (21060 binary)

Root relaxation: objective 0.000000e+00, 227 iterations, 0.01 seconds (0.01 work units)

    Nodes    |    Current Node    |     Objective Bounds      |     Work
 Expl Unexpl |  Obj  Depth IntInf | Incumbent    BestBd   Gap | It/Node Time

     0     0    0.00000    0    7          -    0.00000      -     -    1s
H    0     0                      71.1160000    0.00000   100%     -    1s
     0     0    0.00000    0   11   71.11600    0.00000   100%     -    2s
     0     0    0.00000    0    9   71.11600    0.00000   100%     -    2s
H    0     0                      56.9840000    0.00000   100%     -    2s
     0     0    0.00000    0   11   56.98400    0.00000   100%     -    2s
     0     0    0.00000    0   24   56.98400    0.00000   100%     -    2s
     0     0    0.00000    0    6   56.98400    0.00000   100%     -    2s
     0     0    0.00000    0   11   56.98400    0.00000   100%     -    2s
     0     0    0.00000    0   10   56.98400    0.00000   100%     -    2s
H    0     0                      52.5600000    0.00000   100%     -    2s
H    0     0                      50.0340000    0.00000   100%     -    2s
H    0     0                      50.0000000    0.00000   100%     -    2s
     0     0    0.00000    0    8   50.00000    0.00000   100%     -    2s
H    0     0                      43.2330000    0.00000   100%     -    2s
     0     0    0.00000    0   12   43.23300    0.00000   100%     -    2s
     0     0    0.00000    0    8   43.23300    0.00000   100%     -    2s
H    0     0                      16.6650000    0.00000   100%     -    2s
     0     0    0.00000    0    7   16.66500    0.00000   100%     -    2s
     0     0    0.00000    0    7   16.66500    0.00000   100%     -    2s
H    0     0                      12.0000000    0.00000   100%     -    3s
     0     2    0.00000    0    7   12.00000    0.00000   100%     -    3s
  2686   277    7.28700   18   11   12.00000    0.00000   100%   9.7    5s
 11685   160    0.00000   46   13   12.00000    0.00000   100%  10.5   10s
 15106   156    0.00000   72   18   12.00000    0.00000   100%  10.9   15s
 17181    57 infeasible   36        12.00000    0.00000   100%  14.5   20s

Cutting planes:
  Cover: 1
  Implied bound: 42
  MIR: 5
  Flow cover: 40
  Inf proof: 1
  Zero half: 3
  RLT: 3
  Relax-and-lift: 4
  PSD: 2

Explored 18375 nodes (286954 simplex iterations) in 22.04 seconds (30.84 work units)
Thread count was 8 (of 8 available processors)

Solution count 7: 12 43.233 50 ... 71.116

Optimal solution found (tolerance 1.00e-04)
Best objective 1.200000000000e+01, best bound 1.200000000000e+01, gap 0.0000%

Gurobi 11.0.2 (win64) logging started Fri Nov 29 12:20:55 2024

Set parameter LogFile to value "ExactOutput\Node-A5-2_Noise-3\UAV-MGHPDTWVRP-noise.log"
Gurobi Optimizer version 11.0.2 build v11.0.2rc0 (win64 - Windows 10.0 (19045.2))

CPU model: 11th Gen Intel(R) Core(TM) i5-11300H @ 3.10GHz, instruction set [SSE2|AVX|AVX2|AVX512]
Thread count: 4 physical cores, 8 logical processors, using up to 8 threads

Optimize a model with 105063 rows, 51906 columns and 246064 nonzeros
Model fingerprint: 0xf9157a74
Model has 9990 quadratic objective terms
Variable types: 31254 continuous, 20652 integer (20652 binary)
Coefficient statistics:
  Matrix range     [1e-02, 4e+04]
  Objective range  [1e-07, 5e+01]
  QObjective range [2e-07, 2e-07]
  Bounds range     [1e+00, 1e+00]
  RHS range        [1e+00, 1e+05]
Presolve removed 100814 rows and 30409 columns
Presolve time: 0.92s
Presolved: 24229 rows, 51467 columns, 62682 nonzeros
Presolved model has 19980 SOS constraint(s)
Variable types: 30565 continuous, 20902 integer (20902 binary)

Root relaxation: objective 0.000000e+00, 254 iterations, 0.01 seconds (0.01 work units)

    Nodes    |    Current Node    |     Objective Bounds      |     Work
 Expl Unexpl |  Obj  Depth IntInf | Incumbent    BestBd   Gap | It/Node Time

     0     0    0.00000    0   12          -    0.00000      -     -    1s
     0     0    0.00000    0   20          -    0.00000      -     -    1s
H    0     0                      57.2733333    0.00000   100%     -    1s
     0     0    0.00000    0   14   57.27333    0.00000   100%     -    1s
H    0     0                      54.6000000    0.00000   100%     -    1s
     0     0    0.00000    0   12   54.60000    0.00000   100%     -    1s
     0     0    0.00000    0   14   54.60000    0.00000   100%     -    1s
     0     0    0.00000    0   14   54.60000    0.00000   100%     -    1s
     0     0    0.00000    0   13   54.60000    0.00000   100%     -    1s
     0     0    0.00000    0   11   54.60000    0.00000   100%     -    1s
     0     0    0.00000    0   15   54.60000    0.00000   100%     -    1s
     0     0    0.00000    0   15   54.60000    0.00000   100%     -    2s
     0     0    0.00000    0   15   54.60000    0.00000   100%     -    2s
     0     0    0.00000    0   11   54.60000    0.00000   100%     -    2s
H    0     0                      49.0000000    0.00000   100%     -    2s
     0     2    0.00000    0   10   49.00000    0.00000   100%     -    2s
H   68    65                      37.0000000    0.00000   100%  28.3    2s
  3078   618   22.66800   30  406   37.00000    0.00000   100%  14.5    5s
  4776   299    0.00000   43   15   37.00000    0.00000   100%  23.1   10s
  7684   450 infeasible   29        37.00000    0.00000   100%  27.3   15s
 10559   581    0.00000   23    8   37.00000    0.00000   100%  29.7   20s
 13878   712 infeasible   42        37.00000    0.00000   100%  31.0   25s
 17357   991    0.00000   76   14   37.00000    0.00000   100%  31.9   30s
 20988  1156    4.11376   54   15   37.00000    0.00000   100%  32.3   35s
 21998  1283 infeasible   31        37.00000    0.00000   100%  32.5   41s
 24953  1407    0.03388  106   34   37.00000    0.00000   100%  32.9   45s
 28937  1349     cutoff   30        37.00000    0.00000   100%  33.1   50s

Cutting planes:
  Learned: 1
  Gomory: 1
  Implied bound: 22
  MIR: 2
  Flow cover: 20
  Zero half: 3
  RLT: 11
  Relax-and-lift: 2

Explored 34530 nodes (1081933 simplex iterations) in 54.67 seconds (83.10 work units)
Thread count was 8 (of 8 available processors)

Solution count 3: 37 37 49 

Optimal solution found (tolerance 1.00e-04)
Best objective 3.700000000000e+01, best bound 3.700000000000e+01, gap 0.0000%
