
Gurobi 11.0.2 (win64) logging started Thu Nov 28 15:41:37 2024

Set parameter LogFile to value "ExactOutput\Node-A5-1_Noise-4\UAV-MGHPDTWVRP-noise.log"
Gurobi Optimizer version 11.0.2 build v11.0.2rc0 (win64 - Windows 10.0 (19045.2))

CPU model: 11th Gen Intel(R) Core(TM) i5-11300H @ 3.10GHz, instruction set [SSE2|AVX|AVX2|AVX512]
Thread count: 4 physical cores, 8 logical processors, using up to 8 threads

Optimize a model with 138363 rows, 68556 columns and 322798 nonzeros
Model fingerprint: 0xcf4ad17b
Model has 13320 quadratic objective terms
Variable types: 41244 continuous, 27312 integer (27312 binary)
Coefficient statistics:
  Matrix range     [1e-02, 4e+04]
  Objective range  [1e-07, 5e+01]
  QObjective range [2e-07, 2e-07]
  Bounds range     [1e+00, 1e+00]
  RHS range        [3e-01, 1e+05]
Presolve removed 134344 rows and 40498 columns
Presolve time: 1.35s
Presolved: 30659 rows, 68018 columns, 78649 nonzeros
Presolved model has 26640 SOS constraint(s)
Variable types: 40518 continuous, 27500 integer (27500 binary)

Root relaxation: objective 0.000000e+00, 231 iterations, 0.01 seconds (0.01 work units)

    Nodes    |    Current Node    |     Objective Bounds      |     Work
 Expl Unexpl |  Obj  Depth IntInf | Incumbent    BestBd   Gap | It/Node Time

     0     0    0.00000    0    7          -    0.00000      -     -    1s
H    0     0                     119.5313333    0.00000   100%     -    2s
     0     0    0.00000    0   21  119.53133    0.00000   100%     -    2s
H    0     0                      73.4200000    0.00000   100%     -    2s
     0     0    0.00000    0   12   73.42000    0.00000   100%     -    2s
     0     0    0.00000    0   12   73.42000    0.00000   100%     -    2s
     0     0    0.00000    0   12   73.42000    0.00000   100%     -    2s
     0     0    0.00000    0   10   73.42000    0.00000   100%     -    2s
H    0     0                      63.6140000    0.00000   100%     -    2s
     0     0    0.00000    0    7   63.61400    0.00000   100%     -    2s
     0     0    0.00000    0    4   63.61400    0.00000   100%     -    2s
H    0     0                      58.2340000    0.00000   100%     -    2s
H    0     0                      55.9880000    0.00000   100%     -    2s
     0     0    0.00000    0    7   55.98800    0.00000   100%     -    2s
     0     0    0.00000    0   16   55.98800    0.00000   100%     -    2s
H    0     0                      52.9250000    0.00000   100%     -    2s
     0     0    0.00000    0   10   52.92500    0.00000   100%     -    2s
H    0     0                      52.5080000    0.00000   100%     -    2s
     0     0    0.00000    0    6   52.50800    0.00000   100%     -    2s
H    0     0                      51.2760000    0.00000   100%     -    2s
     0     2    0.00000    0    6   51.27600    0.00000   100%     -    2s
H  878   320                      51.0050000    0.00000   100%  17.2    3s
* 1008   361              24      50.0650000    0.00000   100%  16.9    4s
* 1650   414              23      50.0000000    0.00000   100%  16.6    4s
  3136   648    1.16147   10   16   50.00000    0.00000   100%  15.0    5s
H 3361   621                      39.8740000    0.00000   100%  15.2    5s
H 3408   624                      39.6220000    0.00000   100%  17.6    7s
H 3445   596                      37.0000000    0.00000   100%  18.1    7s
  5853   429    0.00000   29   15   37.00000    0.00000   100%  23.4   10s
 11160   877    0.00000   98   15   37.00000    0.00000   100%  26.9   15s
 16488  1159    0.00000  111   18   37.00000    0.00000   100%  28.3   20s
 22416  1201 infeasible  119        37.00000    0.00000   100%  28.9   30s

Cutting planes:
  Implied bound: 35
  MIR: 2
  Flow cover: 30
  Zero half: 3
  RLT: 3
  Relax-and-lift: 9

Explored 32150 nodes (891580 simplex iterations) in 34.78 seconds (48.91 work units)
Thread count was 8 (of 8 available processors)

Solution count 10: 37 37 39.622 ... 55.988

Optimal solution found (tolerance 1.00e-04)
Best objective 3.700000000000e+01, best bound 3.700000000000e+01, gap 0.0000%

Gurobi 11.0.2 (win64) logging started Thu Nov 28 21:54:48 2024

Set parameter LogFile to value "ExactOutput\Node-A5-1_Noise-4\UAV-MGHPDTWVRP-noise.log"
Gurobi Optimizer version 11.0.2 build v11.0.2rc0 (win64 - Windows 10.0 (19045.2))

CPU model: 11th Gen Intel(R) Core(TM) i5-11300H @ 3.10GHz, instruction set [SSE2|AVX|AVX2|AVX512]
Thread count: 4 physical cores, 8 logical processors, using up to 8 threads

Optimize a model with 138363 rows, 68556 columns and 322798 nonzeros
Model fingerprint: 0xcf4ad17b
Model has 13320 quadratic objective terms
Variable types: 41244 continuous, 27312 integer (27312 binary)
Coefficient statistics:
  Matrix range     [1e-02, 4e+04]
  Objective range  [1e-07, 5e+01]
  QObjective range [2e-07, 2e-07]
  Bounds range     [1e+00, 1e+00]
  RHS range        [3e-01, 1e+05]
Presolve removed 134344 rows and 40498 columns
Presolve time: 1.18s
Presolved: 30659 rows, 68018 columns, 78649 nonzeros
Presolved model has 26640 SOS constraint(s)
Variable types: 40518 continuous, 27500 integer (27500 binary)

Root relaxation: objective 0.000000e+00, 231 iterations, 0.01 seconds (0.01 work units)

    Nodes    |    Current Node    |     Objective Bounds      |     Work
 Expl Unexpl |  Obj  Depth IntInf | Incumbent    BestBd   Gap | It/Node Time

     0     0    0.00000    0    7          -    0.00000      -     -    1s
H    0     0                     119.5313333    0.00000   100%     -    1s
     0     0    0.00000    0   21  119.53133    0.00000   100%     -    1s
H    0     0                      73.4200000    0.00000   100%     -    1s
     0     0    0.00000    0   12   73.42000    0.00000   100%     -    1s
     0     0    0.00000    0   12   73.42000    0.00000   100%     -    1s
     0     0    0.00000    0   12   73.42000    0.00000   100%     -    1s
     0     0    0.00000    0   10   73.42000    0.00000   100%     -    1s
H    0     0                      63.6140000    0.00000   100%     -    1s
     0     0    0.00000    0    7   63.61400    0.00000   100%     -    2s
     0     0    0.00000    0    4   63.61400    0.00000   100%     -    2s
H    0     0                      58.2340000    0.00000   100%     -    2s
H    0     0                      55.9880000    0.00000   100%     -    2s
     0     0    0.00000    0    7   55.98800    0.00000   100%     -    2s
     0     0    0.00000    0   16   55.98800    0.00000   100%     -    2s
H    0     0                      52.9250000    0.00000   100%     -    2s
     0     0    0.00000    0   10   52.92500    0.00000   100%     -    2s
H    0     0                      52.5080000    0.00000   100%     -    2s
     0     0    0.00000    0    6   52.50800    0.00000   100%     -    2s
H    0     0                      51.2760000    0.00000   100%     -    2s
     0     2    0.00000    0    6   51.27600    0.00000   100%     -    2s
H  878   320                      51.0050000    0.00000   100%  17.2    3s
* 1008   361              24      50.0650000    0.00000   100%  16.9    3s
* 1650   414              23      50.0000000    0.00000   100%  16.6    4s
  3353   649    0.00000   25  364   50.00000    0.00000   100%  15.2    5s
H 3361   621                      39.8740000    0.00000   100%  15.2    5s
H 3408   624                      39.6220000    0.00000   100%  17.6    6s
H 3445   596                      37.0000000    0.00000   100%  18.1    6s
  6732   463   25.00000   31   15   37.00000    0.00000   100%  24.0   10s
 11819   880 infeasible   94        37.00000    0.00000   100%  27.1   15s
 17549  1142 infeasible  137        37.00000    0.00000   100%  28.4   20s

Gurobi 11.0.2 (win64) logging started Fri Nov 29 12:20:04 2024

Set parameter LogFile to value "ExactOutput\Node-A5-1_Noise-4\UAV-MGHPDTWVRP-noise.log"
Gurobi Optimizer version 11.0.2 build v11.0.2rc0 (win64 - Windows 10.0 (19045.2))

CPU model: 11th Gen Intel(R) Core(TM) i5-11300H @ 3.10GHz, instruction set [SSE2|AVX|AVX2|AVX512]
Thread count: 4 physical cores, 8 logical processors, using up to 8 threads

Optimize a model with 138363 rows, 68556 columns and 321982 nonzeros
Model fingerprint: 0x814eb269
Model has 13320 quadratic objective terms
Variable types: 41244 continuous, 27312 integer (27312 binary)
Coefficient statistics:
  Matrix range     [2e-02, 4e+04]
  Objective range  [1e-07, 5e+01]
  QObjective range [2e-07, 2e-07]
  Bounds range     [1e+00, 1e+00]
  RHS range        [6e-01, 1e+05]
Presolve removed 136128 rows and 41035 columns
Presolve time: 1.09s
Presolved: 28875 rows, 67481 columns, 73819 nonzeros
Presolved model has 26640 SOS constraint(s)
Variable types: 40267 continuous, 27214 integer (27214 binary)

Root relaxation: objective 0.000000e+00, 199 iterations, 0.00 seconds (0.00 work units)

    Nodes    |    Current Node    |     Objective Bounds      |     Work
 Expl Unexpl |  Obj  Depth IntInf | Incumbent    BestBd   Gap | It/Node Time

     0     0    0.00000    0    9          -    0.00000      -     -    1s
     0     0    0.00000    0   14          -    0.00000      -     -    1s
H    0     0                     112.0000000    0.00000   100%     -    1s
     0     0    0.00000    0    7  112.00000    0.00000   100%     -    1s
H    0     0                      62.5960000    0.00000   100%     -    1s
     0     0    0.00000    0    7   62.59600    0.00000   100%     -    1s
H    0     0                      58.9380000    0.00000   100%     -    1s
     0     0    0.00000    0    9   58.93800    0.00000   100%     -    1s
H    0     0                      26.5220000    0.00000   100%     -    1s
     0     0    0.00000    0    8   26.52200    0.00000   100%     -    1s
     0     0    0.00000    0   12   26.52200    0.00000   100%     -    1s
     0     0    0.00000    0   12   26.52200    0.00000   100%     -    1s
     0     0    0.00000    0    7   26.52200    0.00000   100%     -    1s
     0     0    0.00000    0   13   26.52200    0.00000   100%     -    1s
     0     0    0.00000    0   11   26.52200    0.00000   100%     -    1s
     0     0    0.00000    0   11   26.52200    0.00000   100%     -    1s
     0     0    0.00000    0    9   26.52200    0.00000   100%     -    1s
     0     0    0.00000    0    9   26.52200    0.00000   100%     -    1s
     0     2    0.00000    0    9   26.52200    0.00000   100%     -    1s
*  446   236              26      25.9940000    0.00000   100%  17.5    2s
H  648   244                      25.0000000    0.00000   100%  15.3    2s
 10278   699    1.08500   38  225   25.00000    0.00000   100%   9.3    5s

Cutting planes:
  Implied bound: 5
  Flow cover: 9
  RLT: 2
  Relax-and-lift: 1
  PSD: 1

Explored 14719 nodes (217953 simplex iterations) in 9.42 seconds (11.09 work units)
Thread count was 8 (of 8 available processors)

Solution count 6: 25 25.994 26.522 ... 112

Optimal solution found (tolerance 1.00e-04)
Best objective 2.500000000000e+01, best bound 2.500000000000e+01, gap 0.0000%
