
Gurobi 11.0.2 (win64) logging started Thu Nov 28 15:48:10 2024

Set parameter LogFile to value "ExactOutput\Node-A5-5_Noise-2\UAV-MGHPDTWVRP-noise.log"
Gurobi Optimizer version 11.0.2 build v11.0.2rc0 (win64 - Windows 10.0 (19045.2))

CPU model: 11th Gen Intel(R) Core(TM) i5-11300H @ 3.10GHz, instruction set [SSE2|AVX|AVX2|AVX512]
Thread count: 4 physical cores, 8 logical processors, using up to 8 threads

Optimize a model with 71763 rows, 35256 columns and 168946 nonzeros
Model fingerprint: 0x776780e9
Model has 6660 quadratic objective terms
Variable types: 21264 continuous, 13992 integer (13992 binary)
Coefficient statistics:
  Matrix range     [2e-02, 4e+04]
  Objective range  [1e-07, 5e+01]
  QObjective range [2e-07, 2e-07]
  Bounds range     [1e+00, 1e+00]
  RHS range        [1e+00, 1e+05]
Presolve removed 68354 rows and 20561 columns
Presolve time: 0.78s
Presolved: 16729 rows, 34675 columns, 44242 nonzeros
Presolved model has 13320 SOS constraint(s)
Variable types: 20459 continuous, 14216 integer (14216 binary)

Root relaxation: objective 0.000000e+00, 281 iterations, 0.01 seconds (0.01 work units)

    Nodes    |    Current Node    |     Objective Bounds      |     Work
 Expl Unexpl |  Obj  Depth IntInf | Incumbent    BestBd   Gap | It/Node Time

     0     0    0.00000    0    4          -    0.00000      -     -    1s
H    0     0                     596.7993333    0.00000   100%     -    1s
     0     0    0.00000    0   11  596.79933    0.00000   100%     -    1s
     0     0    0.00000    0    7  596.79933    0.00000   100%     -    1s
H    0     0                     446.3390000    0.00000   100%     -    1s
H    0     0                     100.0000000    0.00000   100%     -    1s
     0     0    0.00000    0    7  100.00000    0.00000   100%     -    1s
     0     0    0.00000    0    7  100.00000    0.00000   100%     -    1s
     0     0    0.00000    0    8  100.00000    0.00000   100%     -    1s
     0     0    0.00000    0   14  100.00000    0.00000   100%     -    1s
     0     0    0.00000    0    4  100.00000    0.00000   100%     -    1s
H    0     0                      27.7460000    0.00000   100%     -    1s
     0     0    0.00000    0    7   27.74600    0.00000   100%     -    1s
     0     0    0.00000    0    7   27.74600    0.00000   100%     -    1s
     0     2    0.00000    0    7   27.74600    0.00000   100%     -    2s
H  148   125                      25.6410000    0.00000   100%  22.7    2s
H  150   125                      25.5760000    0.00000   100%  22.4    2s
*  230   125              26      25.4890000    0.00000   100%  19.8    2s
H  243   168                      25.2880000    0.00000   100%  19.8    2s
H  245   168                      25.0000000    0.00000   100%  19.7    2s
  5999   252    0.80000    7   14   25.00000    0.00000   100%  11.5    5s
 10183   186    0.00000   22   17   25.00000    0.00000   100%  13.5   10s
*14730   158              62      18.1020000    0.00000   100%  17.1   14s
H15050   148                      17.2340000    0.00000   100%  17.2   14s
H15163   148                      13.5840000    0.00000   100%  17.2   14s
 15386   120 infeasible   49        13.58400    0.00000   100%  17.3   15s
H19447    65                      13.5839993    0.00000   100%  18.3   18s

Cutting planes:
  Implied bound: 12
  MIR: 2
  Flow cover: 3
  Relax-and-lift: 6
  PSD: 1

Explored 20313 nodes (373676 simplex iterations) in 19.08 seconds (26.28 work units)
Thread count was 8 (of 8 available processors)

Solution count 10: 13.584 17.234 18.102 ... 100

Optimal solution found (tolerance 1.00e-04)
Best objective 1.358399928146e+01, best bound 1.358399928146e+01, gap 0.0000%

Gurobi 11.0.2 (win64) logging started Fri Nov 29 12:33:58 2024

Set parameter LogFile to value "ExactOutput\Node-A5-5_Noise-2\UAV-MGHPDTWVRP-noise.log"
Gurobi Optimizer version 11.0.2 build v11.0.2rc0 (win64 - Windows 10.0 (19045.2))

CPU model: 11th Gen Intel(R) Core(TM) i5-11300H @ 3.10GHz, instruction set [SSE2|AVX|AVX2|AVX512]
Thread count: 4 physical cores, 8 logical processors, using up to 8 threads

Optimize a model with 71763 rows, 35256 columns and 169210 nonzeros
Model fingerprint: 0x58f98701
Model has 6660 quadratic objective terms
Variable types: 21264 continuous, 13992 integer (13992 binary)
Coefficient statistics:
  Matrix range     [4e-02, 4e+04]
  Objective range  [1e-07, 5e+01]
  QObjective range [2e-07, 2e-07]
  Bounds range     [1e+00, 1e+00]
  RHS range        [1e+00, 1e+05]
Presolve removed 68110 rows and 20584 columns
Presolve time: 0.51s
Presolved: 16973 rows, 34652 columns, 44531 nonzeros
Presolved model has 13320 SOS constraint(s)
Variable types: 20484 continuous, 14168 integer (14168 binary)

Root relaxation: objective 0.000000e+00, 208 iterations, 0.01 seconds (0.01 work units)

    Nodes    |    Current Node    |     Objective Bounds      |     Work
 Expl Unexpl |  Obj  Depth IntInf | Incumbent    BestBd   Gap | It/Node Time

     0     0    0.00000    0    7          -    0.00000      -     -    0s
     0     0    0.00000    0   22          -    0.00000      -     -    1s
     0     0    0.00000    0   22          -    0.00000      -     -    1s
H    0     0                     507.8733333    0.00000   100%     -    1s
     0     0    0.00000    0   21  507.87333    0.00000   100%     -    1s
H    0     0                     182.8810000    0.00000   100%     -    1s
     0     0    0.00000    0   19  182.88100    0.00000   100%     -    1s
     0     0    0.00000    0   10  182.88100    0.00000   100%     -    1s
     0     0    0.00000    0   10  182.88100    0.00000   100%     -    1s
H    0     0                      65.2640000    0.00000   100%     -    1s
     0     0    0.00000    0    9   65.26400    0.00000   100%     -    1s
     0     0    0.00000    0   20   65.26400    0.00000   100%     -    1s
     0     0    0.00000    0    7   65.26400    0.00000   100%     -    1s
     0     0    0.00000    0   11   65.26400    0.00000   100%     -    1s
     0     0    0.00000    0    7   65.26400    0.00000   100%     -    1s
     0     0    0.00000    0    7   65.26400    0.00000   100%     -    1s
     0     2    0.00000    0    7   65.26400    0.00000   100%     -    1s
*  363   307              36      62.9750000    0.00000   100%  26.5    2s
H  584   317                      62.0000000    0.00000   100%  23.9    2s
H 1136   418                      37.0000000    0.00000   100%  20.9    2s
  3446   712    0.00000   24   10   37.00000    0.00000   100%  17.0    5s
  7464   470   25.00000   40   14   37.00000    0.00000   100%  26.4   10s
 12329   547    0.00000   54   21   37.00000    0.00000   100%  29.2   15s
 18131   687 infeasible   38        37.00000    0.00000   100%  29.9   20s

Cutting planes:
  Implied bound: 24
  MIR: 3
  Flow cover: 16
  RLT: 16
  Relax-and-lift: 2

Explored 21980 nodes (626017 simplex iterations) in 21.35 seconds (33.30 work units)
Thread count was 8 (of 8 available processors)

Solution count 6: 37 62 62.975 ... 507.873

Optimal solution found (tolerance 1.00e-04)
Best objective 3.700000000000e+01, best bound 3.700000000000e+01, gap 0.0000%
