
Gurobi 11.0.2 (win64) logging started Thu Nov 28 15:44:03 2024

Set parameter LogFile to value "ExactOutput\Node-A5-3_Noise-2\UAV-MGHPDTWVRP-noise.log"
Gurobi Optimizer version 11.0.2 build v11.0.2rc0 (win64 - Windows 10.0 (19045.2))

CPU model: 11th Gen Intel(R) Core(TM) i5-11300H @ 3.10GHz, instruction set [SSE2|AVX|AVX2|AVX512]
Thread count: 4 physical cores, 8 logical processors, using up to 8 threads

Optimize a model with 71763 rows, 35256 columns and 168682 nonzeros
Model fingerprint: 0xa967fcfc
Model has 6660 quadratic objective terms
Variable types: 21264 continuous, 13992 integer (13992 binary)
Coefficient statistics:
  Matrix range     [2e-02, 4e+04]
  Objective range  [1e-07, 5e+01]
  QObjective range [2e-07, 2e-07]
  Bounds range     [1e+00, 1e+00]
  RHS range        [1e+00, 1e+05]
Presolve removed 69514 rows and 20952 columns
Presolve time: 0.68s
Presolved: 15569 rows, 34284 columns, 41052 nonzeros
Presolved model has 13320 SOS constraint(s)
Variable types: 20284 continuous, 14000 integer (14000 binary)

Root relaxation: objective 0.000000e+00, 210 iterations, 0.00 seconds (0.00 work units)

    Nodes    |    Current Node    |     Objective Bounds      |     Work
 Expl Unexpl |  Obj  Depth IntInf | Incumbent    BestBd   Gap | It/Node Time

     0     0    0.00000    0    9          -    0.00000      -     -    0s
     0     0    0.00000    0    9          -    0.00000      -     -    0s
H    0     0                      91.1060000    0.00000   100%     -    1s
     0     0    0.00000    0    9   91.10600    0.00000   100%     -    1s
H    0     0                      51.1370000    0.00000   100%     -    1s
H    0     0                      49.6590000    0.00000   100%     -    1s
H    0     0                      30.2950000    0.00000   100%     -    1s
     0     0    0.00000    0    8   30.29500    0.00000   100%     -    1s
H    0     0                      27.7150000    0.00000   100%     -    1s
     0     0    0.00000    0    8   27.71500    0.00000   100%     -    1s
     0     0    0.00000    0    8   27.71500    0.00000   100%     -    1s
     0     0    0.00000    0    8   27.71500    0.00000   100%     -    1s
H    0     0                      26.5190000    0.00000   100%     -    1s
     0     0    0.00000    0   12   26.51900    0.00000   100%     -    1s
     0     0    0.00000    0   11   26.51900    0.00000   100%     -    1s
     0     0    0.00000    0   15   26.51900    0.00000   100%     -    1s
H    0     0                      25.0060000    0.00000   100%     -    1s
     0     0    0.00000    0   12   25.00600    0.00000   100%     -    1s
     0     0    0.00000    0    6   25.00600    0.00000   100%     -    1s
     0     0    0.00000    0    6   25.00600    0.00000   100%     -    1s
     0     0    0.00000    0    6   25.00600    0.00000   100%     -    1s
     0     0    0.00000    0    6   25.00600    0.00000   100%     -    1s
     0     2    0.00000    0    6   25.00600    0.00000   100%     -    1s
*  360   260              19      25.0000000    0.00000   100%  19.3    1s
  9338   440    0.00000   16   24   25.00000    0.00000   100%  11.1    5s
 14732    36    0.00000   46   11   25.00000    0.00000   100%  15.2   10s

Cutting planes:
  Cover: 1
  Implied bound: 14
  MIR: 1
  Flow cover: 11
  RLT: 9
  Relax-and-lift: 1
  PSD: 1

Explored 16113 nodes (268261 simplex iterations) in 11.39 seconds (12.06 work units)
Thread count was 8 (of 8 available processors)

Solution count 8: 25 25.006 26.519 ... 91.106

Optimal solution found (tolerance 1.00e-04)
Best objective 2.500000000000e+01, best bound 2.500000000000e+01, gap 0.0000%

Gurobi 11.0.2 (win64) logging started Fri Nov 29 12:23:43 2024

Set parameter LogFile to value "ExactOutput\Node-A5-3_Noise-2\UAV-MGHPDTWVRP-noise.log"
Gurobi Optimizer version 11.0.2 build v11.0.2rc0 (win64 - Windows 10.0 (19045.2))

CPU model: 11th Gen Intel(R) Core(TM) i5-11300H @ 3.10GHz, instruction set [SSE2|AVX|AVX2|AVX512]
Thread count: 4 physical cores, 8 logical processors, using up to 8 threads

Optimize a model with 71763 rows, 35256 columns and 169114 nonzeros
Model fingerprint: 0x760ae6f8
Model has 6660 quadratic objective terms
Variable types: 21264 continuous, 13992 integer (13992 binary)
Coefficient statistics:
  Matrix range     [3e-02, 4e+04]
  Objective range  [1e-07, 5e+01]
  QObjective range [2e-07, 2e-07]
  Bounds range     [1e+00, 1e+00]
  RHS range        [1e+00, 1e+05]
Presolve removed 68124 rows and 20541 columns
Presolve time: 0.60s
Presolved: 16959 rows, 34695 columns, 44722 nonzeros
Presolved model has 13320 SOS constraint(s)
Variable types: 20489 continuous, 14206 integer (14206 binary)

Root relaxation: objective 0.000000e+00, 211 iterations, 0.01 seconds (0.01 work units)

    Nodes    |    Current Node    |     Objective Bounds      |     Work
 Expl Unexpl |  Obj  Depth IntInf | Incumbent    BestBd   Gap | It/Node Time

     0     0    0.00000    0   19          -    0.00000      -     -    1s
     0     0    0.00000    0   25          -    0.00000      -     -    1s
     0     0    0.00000    0   25          -    0.00000      -     -    1s
H    0     0                     181.3180000    0.00000   100%     -    1s
     0     0    0.00000    0   12  181.31800    0.00000   100%     -    1s
H    0     0                     100.9450000    0.00000   100%     -    1s
     0     0    0.00000    0    8  100.94500    0.00000   100%     -    1s
     0     0    0.00000    0   11  100.94500    0.00000   100%     -    1s
     0     0    0.00000    0   11  100.94500    0.00000   100%     -    1s
H    0     0                      62.0000000    0.00000   100%     -    1s
     0     0    0.00000    0    9   62.00000    0.00000   100%     -    1s
     0     0    0.00000    0    8   62.00000    0.00000   100%     -    1s
H    0     0                      37.0000000    0.00000   100%     -    1s
     0     0    0.00000    0    7   37.00000    0.00000   100%     -    1s
     0     0    0.00000    0    9   37.00000    0.00000   100%     -    1s
     0     0    0.00000    0   16   37.00000    0.00000   100%     -    1s
     0     0    0.00000    0   20   37.00000    0.00000   100%     -    1s
     0     0    0.00000    0   10   37.00000    0.00000   100%     -    1s
     0     0    0.00000    0   11   37.00000    0.00000   100%     -    1s
     0     0    0.00000    0   11   37.00000    0.00000   100%     -    1s
     0     0    0.00000    0    7   37.00000    0.00000   100%     -    1s
     0     2    0.00000    0    7   37.00000    0.00000   100%     -    2s
  4060   665    0.00000   14   11   37.00000    0.00000   100%  16.0    5s
  7181   465   26.19152   25   14   37.00000    0.00000   100%  21.7   10s
 12851   904    0.00000   23   10   37.00000    0.00000   100%  25.3   15s
*16291  1152              32      36.9640000    0.00000   100%  26.3   17s
H16842  1176                      35.0140000    0.00000   100%  26.4   18s
 18638  1325 infeasible   59        35.01400    0.00000   100%  27.0   20s
 20831  1450    8.33333   25   20   35.01400    0.00000   100%  27.2   28s
 24528  1834 infeasible   94        35.01400    0.00000   100%  27.4   30s
 31806  2125 infeasible   29        35.01400    0.00000   100%  27.4   35s
 37839  2512   26.89000   71    7   35.01400    0.00000   100%  27.6   40s
 43646  2780 infeasible   67        35.01400    0.00000   100%  28.0   45s
 50615  3184   25.00000   96   12   35.01400    0.00000   100%  28.1   50s
 57040  3276    1.03546   73   15   35.01400    0.00000   100%  28.1   55s
 67052  1476 infeasible   27        35.01400   25.00000  28.6%  27.4   60s

Cutting planes:
  Gomory: 1
  Cover: 1
  Implied bound: 29
  MIR: 3
  Flow cover: 28
  Zero half: 2
  RLT: 12
  Relax-and-lift: 6
  PSD: 2

Explored 75063 nodes (1996885 simplex iterations) in 63.40 seconds (95.74 work units)
Thread count was 8 (of 8 available processors)

Solution count 7: 35.014 35.014 36.964 ... 181.318

Optimal solution found (tolerance 1.00e-04)
Best objective 3.501400000000e+01, best bound 3.501400000000e+01, gap 0.0000%
