
Gurobi 11.0.2 (win64) logging started Thu Nov 28 15:48:31 2024

Set parameter LogFile to value "ExactOutput\Node-A5-5_Noise-3\UAV-MGHPDTWVRP-noise.log"
Gurobi Optimizer version 11.0.2 build v11.0.2rc0 (win64 - Windows 10.0 (19045.2))

CPU model: 11th Gen Intel(R) Core(TM) i5-11300H @ 3.10GHz, instruction set [SSE2|AVX|AVX2|AVX512]
Thread count: 4 physical cores, 8 logical processors, using up to 8 threads

Optimize a model with 105063 rows, 51906 columns and 245800 nonzeros
Model fingerprint: 0x4416ddd4
Model has 9990 quadratic objective terms
Variable types: 31254 continuous, 20652 integer (20652 binary)
Coefficient statistics:
  Matrix range     [2e-02, 4e+04]
  Objective range  [1e-07, 5e+01]
  QObjective range [2e-07, 2e-07]
  Bounds range     [1e+00, 1e+00]
  RHS range        [1e+00, 1e+05]
Presolve removed 100754 rows and 30293 columns
Presolve time: 1.30s
Presolved: 24289 rows, 51583 columns, 63208 nonzeros
Presolved model has 19980 SOS constraint(s)
Variable types: 30575 continuous, 21008 integer (21008 binary)

Root relaxation: objective 0.000000e+00, 245 iterations, 0.01 seconds (0.01 work units)

    Nodes    |    Current Node    |     Objective Bounds      |     Work
 Expl Unexpl |  Obj  Depth IntInf | Incumbent    BestBd   Gap | It/Node Time

     0     0    0.00000    0    7          -    0.00000      -     -    1s
     0     0    0.00000    0   23          -    0.00000      -     -    2s
     0     0    0.00000    0   23          -    0.00000      -     -    2s
H    0     0                      46.3640000    0.00000   100%     -    2s
     0     0    0.00000    0    7   46.36400    0.00000   100%     -    2s
H    0     0                      45.0360000    0.00000   100%     -    2s
     0     0    0.00000    0    6   45.03600    0.00000   100%     -    2s
     0     0    0.00000    0   13   45.03600    0.00000   100%     -    2s
H    0     0                      40.8960000    0.00000   100%     -    2s
     0     0    0.00000    0   13   40.89600    0.00000   100%     -    2s
H    0     0                      32.4160000    0.00000   100%     -    2s
     0     0    0.00000    0    7   32.41600    0.00000   100%     -    2s
H    0     0                      28.3800000    0.00000   100%     -    2s
     0     0    0.00000    0   12   28.38000    0.00000   100%     -    2s
H    0     0                      27.8600000    0.00000   100%     -    2s
     0     0    0.00000    0    4   27.86000    0.00000   100%     -    2s
     0     0    0.00000    0    4   27.86000    0.00000   100%     -    2s
H    0     0                      25.0000000    0.00000   100%     -    2s
     0     0    0.00000    0    7   25.00000    0.00000   100%     -    2s
     0     0    0.00000    0    8   25.00000    0.00000   100%     -    2s
     0     0    0.00000    0   11   25.00000    0.00000   100%     -    2s
     0     0    0.00000    0    7   25.00000    0.00000   100%     -    2s
     0     2    0.00000    0    7   25.00000    0.00000   100%     -    2s
*   69    52              15      24.0000000    0.00000   100%  33.1    3s
*   77    60              13      18.0280000    0.00000   100%  31.3    3s
H  135    95                      13.5840000    0.00000   100%  30.9    3s
  2520   365 infeasible   18        13.58400    0.00000   100%  12.1    5s
  8302   435 infeasible   18        13.58400    0.00000   100%  12.4   10s
 11704    52 infeasible   64        13.58400    0.00000   100%  16.2   15s

Cutting planes:
  Implied bound: 12
  Flow cover: 7
  RLT: 5
  Relax-and-lift: 4
  PSD: 1

Explored 14528 nodes (263654 simplex iterations) in 18.16 seconds (24.32 work units)
Thread count was 8 (of 8 available processors)

Solution count 10: 13.584 18.028 24 ... 46.364

Optimal solution found (tolerance 1.00e-04)
Best objective 1.358400000000e+01, best bound 1.358400000000e+01, gap 0.0000%

Gurobi 11.0.2 (win64) logging started Fri Nov 29 12:34:21 2024

Set parameter LogFile to value "ExactOutput\Node-A5-5_Noise-3\UAV-MGHPDTWVRP-noise.log"
Gurobi Optimizer version 11.0.2 build v11.0.2rc0 (win64 - Windows 10.0 (19045.2))

CPU model: 11th Gen Intel(R) Core(TM) i5-11300H @ 3.10GHz, instruction set [SSE2|AVX|AVX2|AVX512]
Thread count: 4 physical cores, 8 logical processors, using up to 8 threads

Optimize a model with 105063 rows, 51906 columns and 245992 nonzeros
Model fingerprint: 0x3372d71d
Model has 9990 quadratic objective terms
Variable types: 31254 continuous, 20652 integer (20652 binary)
Coefficient statistics:
  Matrix range     [4e-02, 4e+04]
  Objective range  [1e-07, 5e+01]
  QObjective range [2e-07, 2e-07]
  Bounds range     [1e+00, 1e+00]
  RHS range        [1e+00, 1e+05]
Presolve removed 100916 rows and 30432 columns
Presolve time: 0.85s
Presolved: 24127 rows, 51444 columns, 62475 nonzeros
Presolved model has 19980 SOS constraint(s)
Variable types: 30542 continuous, 20902 integer (20902 binary)

Root relaxation: objective 0.000000e+00, 212 iterations, 0.01 seconds (0.01 work units)

    Nodes    |    Current Node    |     Objective Bounds      |     Work
 Expl Unexpl |  Obj  Depth IntInf | Incumbent    BestBd   Gap | It/Node Time

     0     0    0.00000    0   21          -    0.00000      -     -    1s
     0     0    0.00000    0   37          -    0.00000      -     -    1s
     0     0    0.00000    0   33          -    0.00000      -     -    1s
H    0     0                     443.8733333    0.00000   100%     -    1s
     0     0    0.00000    0   20  443.87333    0.00000   100%     -    1s
H    0     0                      96.3000000    0.00000   100%     -    1s
     0     0    0.00000    0   20   96.30000    0.00000   100%     -    1s
     0     0    0.00000    0   10   96.30000    0.00000   100%     -    1s
     0     0    0.00000    0   17   96.30000    0.00000   100%     -    1s
     0     0    0.00000    0    8   96.30000    0.00000   100%     -    1s
     0     0    0.00000    0    8   96.30000    0.00000   100%     -    1s
     0     0    0.00000    0   19   96.30000    0.00000   100%     -    1s
     0     0    0.00000    0   14   96.30000    0.00000   100%     -    1s
H    0     0                      94.4970000    0.00000   100%     -    1s
     0     0    0.00000    0   11   94.49700    0.00000   100%     -    1s
H    0     0                      89.7400000    0.00000   100%     -    1s
     0     0    0.00000    0   15   89.74000    0.00000   100%     -    1s
H    0     0                      62.0000000    0.00000   100%     -    2s
     0     0    0.00000    0   21   62.00000    0.00000   100%     -    2s
     0     0    0.00000    0   12   62.00000    0.00000   100%     -    2s
     0     0    0.00000    0   10   62.00000    0.00000   100%     -    2s
     0     0    0.00000    0   10   62.00000    0.00000   100%     -    2s
     0     2    0.00000    0    7   62.00000    0.00000   100%     -    2s
H  374   147                      37.0000000    0.00000   100%  20.7    3s
  3092   702   25.00000   57   15   37.00000    0.00000   100%  15.8    5s
  5715   369    2.89489   41   15   37.00000    0.00000   100%  23.7   10s
 10224   811    0.00000   72   15   37.00000    0.00000   100%  27.5   15s
 13892   884    0.00000  100   13   37.00000    0.00000   100%  28.2   20s
 20143  1064    0.00000   42   14   37.00000    0.00000   100%  28.8   25s
 20671  1027   26.79200   64    8   37.00000    0.00000   100%  28.8   30s
 26416  1296 infeasible   48        37.00000    0.00000   100%  29.1   35s
 32070  1342   25.00000   77   26   37.00000    0.00000   100%  29.1   40s

Cutting planes:
  Gomory: 1
  Implied bound: 24
  MIR: 3
  Flow cover: 17
  Zero half: 7
  RLT: 10
  Relax-and-lift: 1

Explored 37023 nodes (1033631 simplex iterations) in 42.88 seconds (65.30 work units)
Thread count was 8 (of 8 available processors)

Solution count 6: 37 37 62 ... 96.3

Optimal solution found (tolerance 1.00e-04)
Best objective 3.700000000000e+01, best bound 3.700000000000e+01, gap 0.0000%
