
Gurobi 11.0.2 (win64) logging started Thu Nov 28 15:40:49 2024

Set parameter LogFile to value "ExactOutput\Node-A5-1_Noise-2\UAV-MGHPDTWVRP-noise.log"
Gurobi Optimizer version 11.0.2 build v11.0.2rc0 (win64 - Windows 10.0 (19045.2))

CPU model: 11th Gen Intel(R) Core(TM) i5-11300H @ 3.10GHz, instruction set [SSE2|AVX|AVX2|AVX512]
Thread count: 4 physical cores, 8 logical processors, using up to 8 threads

Optimize a model with 71763 rows, 35256 columns and 168970 nonzeros
Model fingerprint: 0x8e333e58
Model has 6660 quadratic objective terms
Variable types: 21264 continuous, 13992 integer (13992 binary)
Coefficient statistics:
  Matrix range     [2e-02, 4e+04]
  Objective range  [1e-07, 5e+01]
  QObjective range [2e-07, 2e-07]
  Bounds range     [1e+00, 1e+00]
  RHS range        [3e-01, 1e+05]
Presolve removed 69072 rows and 20898 columns
Presolve time: 0.49s
Presolved: 16011 rows, 34338 columns, 41823 nonzeros
Presolved model has 13320 SOS constraint(s)
Variable types: 20354 continuous, 13984 integer (13984 binary)

Root relaxation: objective 0.000000e+00, 246 iterations, 0.01 seconds (0.01 work units)

    Nodes    |    Current Node    |     Objective Bounds      |     Work
 Expl Unexpl |  Obj  Depth IntInf | Incumbent    BestBd   Gap | It/Node Time

     0     0    0.00000    0   11          -    0.00000      -     -    0s
H    0     0                     101.9313333    0.00000   100%     -    0s
     0     0    0.00000    0   22  101.93133    0.00000   100%     -    0s
     0     0    0.00000    0   11  101.93133    0.00000   100%     -    0s
H    0     0                      83.6150000    0.00000   100%     -    0s
     0     0    0.00000    0   27   83.61500    0.00000   100%     -    0s
     0     0    0.00000    0   12   83.61500    0.00000   100%     -    0s
     0     0    0.00000    0    9   83.61500    0.00000   100%     -    0s
H    0     0                      81.2320000    0.00000   100%     -    1s
     0     0    0.00000    0    6   81.23200    0.00000   100%     -    1s
H    0     0                      77.2020000    0.00000   100%     -    1s
     0     0    0.00000    0   10   77.20200    0.00000   100%     -    1s
     0     0    0.00000    0    8   77.20200    0.00000   100%     -    1s
     0     0    0.00000    0    8   77.20200    0.00000   100%     -    1s
     0     0    0.00000    0    7   77.20200    0.00000   100%     -    1s
H    0     0                      72.2340000    0.00000   100%     -    1s
     0     0    0.00000    0   17   72.23400    0.00000   100%     -    1s
     0     0    0.00000    0   12   72.23400    0.00000   100%     -    1s
     0     0    0.00000    0   12   72.23400    0.00000   100%     -    1s
H    0     0                      71.9990000    0.00000   100%     -    1s
     0     2    0.00000    0   10   71.99900    0.00000   100%     -    1s
H  149   118                      57.4960000    0.00000   100%  16.7    1s
H  198   124                      52.7270000    0.00000   100%  16.1    1s
H  220   124                      51.9840000    0.00000   100%  15.5    1s
H  231   124                      50.6110000    0.00000   100%  15.0    1s
H 4527   577                      50.0000000    0.00000   100%  13.5    4s
H 4528   549                      47.6160000    0.00000   100%  13.5    4s
H 4535   525                      47.5300000    0.00000   100%  13.5    4s
H 4574   527                      43.2790000    0.00000   100%  15.1    4s
  4577   530    0.00000   16   16   43.27900    0.00000   100%  15.1    5s
H 4606   515                      40.7680000    0.00000   100%  15.3    5s
H 4610   488                      40.7410000    0.00000   100%  15.3    5s
H 4618   469                      39.0400000    0.00000   100%  15.3    5s
H 4623   446                      38.4850000    0.00000   100%  15.3    5s
H 4648   433                      38.0440000    0.00000   100%  15.4    5s
H 4650   412                      37.0000000    0.00000   100%  15.4    5s
 11875   615 infeasible   29        37.00000    0.00000   100%  21.0   10s

Cutting planes:
  Learned: 1
  Implied bound: 43
  MIR: 5
  Flow cover: 19
  RLT: 15
  Relax-and-lift: 6

Explored 20673 nodes (446220 simplex iterations) in 14.52 seconds (14.35 work units)
Thread count was 8 (of 8 available processors)

Solution count 10: 37 38.044 38.485 ... 50

Optimal solution found (tolerance 1.00e-04)
Best objective 3.700000000000e+01, best bound 3.700000000000e+01, gap 0.0000%

Gurobi 11.0.2 (win64) logging started Thu Nov 28 21:54:01 2024

Set parameter LogFile to value "ExactOutput\Node-A5-1_Noise-2\UAV-MGHPDTWVRP-noise.log"
Gurobi Optimizer version 11.0.2 build v11.0.2rc0 (win64 - Windows 10.0 (19045.2))

CPU model: 11th Gen Intel(R) Core(TM) i5-11300H @ 3.10GHz, instruction set [SSE2|AVX|AVX2|AVX512]
Thread count: 4 physical cores, 8 logical processors, using up to 8 threads

Optimize a model with 71763 rows, 35256 columns and 168970 nonzeros
Model fingerprint: 0x8e333e58
Model has 6660 quadratic objective terms
Variable types: 21264 continuous, 13992 integer (13992 binary)
Coefficient statistics:
  Matrix range     [2e-02, 4e+04]
  Objective range  [1e-07, 5e+01]
  QObjective range [2e-07, 2e-07]
  Bounds range     [1e+00, 1e+00]
  RHS range        [3e-01, 1e+05]
Presolve removed 69072 rows and 20898 columns
Presolve time: 0.48s
Presolved: 16011 rows, 34338 columns, 41823 nonzeros
Presolved model has 13320 SOS constraint(s)
Variable types: 20354 continuous, 13984 integer (13984 binary)

Root relaxation: objective 0.000000e+00, 246 iterations, 0.01 seconds (0.01 work units)

    Nodes    |    Current Node    |     Objective Bounds      |     Work
 Expl Unexpl |  Obj  Depth IntInf | Incumbent    BestBd   Gap | It/Node Time

     0     0    0.00000    0   11          -    0.00000      -     -    0s
H    0     0                     101.9313333    0.00000   100%     -    0s
     0     0    0.00000    0   22  101.93133    0.00000   100%     -    0s
     0     0    0.00000    0   11  101.93133    0.00000   100%     -    0s
H    0     0                      83.6150000    0.00000   100%     -    0s
     0     0    0.00000    0   27   83.61500    0.00000   100%     -    0s
     0     0    0.00000    0   12   83.61500    0.00000   100%     -    0s
     0     0    0.00000    0    9   83.61500    0.00000   100%     -    1s
H    0     0                      81.2320000    0.00000   100%     -    1s
     0     0    0.00000    0    6   81.23200    0.00000   100%     -    1s
H    0     0                      77.2020000    0.00000   100%     -    1s
     0     0    0.00000    0   10   77.20200    0.00000   100%     -    1s
     0     0    0.00000    0    8   77.20200    0.00000   100%     -    1s
     0     0    0.00000    0    8   77.20200    0.00000   100%     -    1s
     0     0    0.00000    0    7   77.20200    0.00000   100%     -    1s
H    0     0                      72.2340000    0.00000   100%     -    1s
     0     0    0.00000    0   17   72.23400    0.00000   100%     -    1s
     0     0    0.00000    0   12   72.23400    0.00000   100%     -    1s
     0     0    0.00000    0   12   72.23400    0.00000   100%     -    1s
H    0     0                      71.9990000    0.00000   100%     -    1s
     0     2    0.00000    0   10   71.99900    0.00000   100%     -    1s
H  149   118                      57.4960000    0.00000   100%  16.7    1s
H  198   124                      52.7270000    0.00000   100%  16.1    1s
H  220   124                      51.9840000    0.00000   100%  15.5    1s
H  231   124                      50.6110000    0.00000   100%  15.0    1s
H 4527   577                      50.0000000    0.00000   100%  13.5    4s
H 4528   549                      47.6160000    0.00000   100%  13.5    4s
H 4535   525                      47.5300000    0.00000   100%  13.5    4s
H 4574   527                      43.2790000    0.00000   100%  15.1    4s
H 4606   515                      40.7680000    0.00000   100%  15.3    4s
H 4610   488                      40.7410000    0.00000   100%  15.3    4s
H 4618   469                      39.0400000    0.00000   100%  15.3    4s
H 4623   446                      38.4850000    0.00000   100%  15.3    4s
  4627   452    0.00000   19   14   38.48500    0.00000   100%  15.3    5s
H 4648   433                      38.0440000    0.00000   100%  15.4    5s
H 4650   412                      37.0000000    0.00000   100%  15.4    5s
 11127   566   25.00000   37    8   37.00000    0.00000   100%  20.8   10s
 20591     0 infeasible   30        37.00000   25.00000  32.4%  21.3   15s

Cutting planes:
  Learned: 1
  Implied bound: 43
  MIR: 5
  Flow cover: 19
  RLT: 15
  Relax-and-lift: 6

Explored 20673 nodes (446220 simplex iterations) in 15.02 seconds (14.35 work units)
Thread count was 8 (of 8 available processors)

Solution count 10: 37 38.044 38.485 ... 50

Optimal solution found (tolerance 1.00e-04)
Best objective 3.700000000000e+01, best bound 3.700000000000e+01, gap 0.0000%

Gurobi 11.0.2 (win64) logging started Fri Nov 29 12:19:46 2024

Set parameter LogFile to value "ExactOutput\Node-A5-1_Noise-2\UAV-MGHPDTWVRP-noise.log"
Gurobi Optimizer version 11.0.2 build v11.0.2rc0 (win64 - Windows 10.0 (19045.2))

CPU model: 11th Gen Intel(R) Core(TM) i5-11300H @ 3.10GHz, instruction set [SSE2|AVX|AVX2|AVX512]
Thread count: 4 physical cores, 8 logical processors, using up to 8 threads

Optimize a model with 71763 rows, 35256 columns and 168442 nonzeros
Model fingerprint: 0xcd59a592
Model has 6660 quadratic objective terms
Variable types: 21264 continuous, 13992 integer (13992 binary)
Coefficient statistics:
  Matrix range     [4e-02, 4e+04]
  Objective range  [1e-07, 5e+01]
  QObjective range [2e-07, 2e-07]
  Bounds range     [1e+00, 1e+00]
  RHS range        [6e-01, 1e+05]
Presolve removed 70356 rows and 21309 columns
Presolve time: 0.44s
Presolved: 14727 rows, 33927 columns, 38351 nonzeros
Presolved model has 13320 SOS constraint(s)
Variable types: 20151 continuous, 13776 integer (13776 binary)

Root relaxation: objective 0.000000e+00, 169 iterations, 0.00 seconds (0.00 work units)

    Nodes    |    Current Node    |     Objective Bounds      |     Work
 Expl Unexpl |  Obj  Depth IntInf | Incumbent    BestBd   Gap | It/Node Time

     0     0    0.00000    0   10          -    0.00000      -     -    0s
H    0     0                     110.8613333    0.00000   100%     -    0s
     0     0    0.00000    0   10  110.86133    0.00000   100%     -    0s
     0     0    0.00000    0   13  110.86133    0.00000   100%     -    0s
     0     0    0.00000    0    7  110.86133    0.00000   100%     -    0s
H    0     0                     110.4880000    0.00000   100%     -    0s
H    0     0                      83.9070000    0.00000   100%     -    0s
     0     0    0.00000    0    7   83.90700    0.00000   100%     -    0s
H    0     0                      78.9720000    0.00000   100%     -    0s
H    0     0                      54.1880000    0.00000   100%     -    0s
     0     0    0.00000    0    9   54.18800    0.00000   100%     -    0s
H    0     0                      51.0080000    0.00000   100%     -    0s
H    0     0                      50.7460000    0.00000   100%     -    0s
     0     0    0.00000    0    9   50.74600    0.00000   100%     -    0s
     0     0    0.00000    0    9   50.74600    0.00000   100%     -    0s
     0     0    0.00000    0    9   50.74600    0.00000   100%     -    0s
     0     0    0.00000    0   13   50.74600    0.00000   100%     -    0s
     0     0    0.00000    0    9   50.74600    0.00000   100%     -    0s
     0     0    0.00000    0    8   50.74600    0.00000   100%     -    0s
     0     0    0.00000    0    7   50.74600    0.00000   100%     -    0s
     0     0    0.00000    0    7   50.74600    0.00000   100%     -    0s
     0     2    0.00000    0    7   50.74600    0.00000   100%     -    0s
H  394   166                      50.7160000    0.00000   100%  12.2    1s
H  397   188                      50.6040000    0.00000   100%  12.2    1s
H  425   188                      50.2280000    0.00000   100%  11.9    1s
H  454   213                      50.0000000    0.00000   100%  12.3    1s
* 5491   441              39      35.3550000    0.00000   100%  10.8    2s
* 5562   441              35      32.8180000    0.00000   100%  10.8    2s
H 5712   428                      27.9420000    0.00000   100%  10.8    3s
H 5868   488                      26.9780000    0.00000   100%  12.0    3s
H 5874   465                      26.8320000    0.00000   100%  12.0    3s
H 5982   473                      26.3200000    0.00000   100%  12.2    3s
* 7279   363              33      26.0580000    0.00000   100%  13.3    4s
H 7335   372                      26.0080000    0.00000   100%  13.4    4s
H 7363   372                      25.0000000    0.00000   100%  13.4    4s
  9102   203    0.00000   43    9   25.00000    0.00000   100%  14.7    5s

Cutting planes:
  Implied bound: 5
  MIR: 3
  Flow cover: 9
  RLT: 3
  Relax-and-lift: 3

Explored 15026 nodes (246743 simplex iterations) in 6.70 seconds (6.86 work units)
Thread count was 8 (of 8 available processors)

Solution count 10: 25 26.008 26.058 ... 50

Optimal solution found (tolerance 1.00e-04)
Best objective 2.500000000000e+01, best bound 2.500000000000e+01, gap 0.0000%
