
Gurobi 11.0.2 (win64) logging started Thu Nov 28 15:42:12 2024

Set parameter LogFile to value "ExactOutput\Node-A5-2_Noise-1\UAV-MGHPDTWVRP-noise.log"
Gurobi Optimizer version 11.0.2 build v11.0.2rc0 (win64 - Windows 10.0 (19045.2))

CPU model: 11th Gen Intel(R) Core(TM) i5-11300H @ 3.10GHz, instruction set [SSE2|AVX|AVX2|AVX512]
Thread count: 4 physical cores, 8 logical processors, using up to 8 threads

Optimize a model with 38463 rows, 18606 columns and 92211 nonzeros
Model fingerprint: 0xc415f3d1
Model has 3330 quadratic objective terms
Variable types: 11274 continuous, 7332 integer (7332 binary)
Coefficient statistics:
  Matrix range     [1e-01, 4e+04]
  Objective range  [1e-07, 5e+01]
  QObjective range [2e-07, 2e-07]
  Bounds range     [1e+00, 1e+00]
  RHS range        [1e+00, 1e+05]
Presolve removed 35492 rows and 17128 columns
Presolve time: 1.64s
Presolved: 2971 rows, 1478 columns, 19796 nonzeros
Variable types: 414 continuous, 1064 integer (1064 binary)

Root relaxation: objective 0.000000e+00, 252 iterations, 0.01 seconds (0.01 work units)

    Nodes    |    Current Node    |     Objective Bounds      |     Work
 Expl Unexpl |  Obj  Depth IntInf | Incumbent    BestBd   Gap | It/Node Time

     0     0    0.00000    0   11          -    0.00000      -     -    1s
     0     0    0.00000    0   31          -    0.00000      -     -    1s
     0     0    0.00000    0    7          -    0.00000      -     -    1s
H    0     0                      63.1050000    0.00000   100%     -    1s
H    0     0                      62.0000000    0.00000   100%     -    1s
     0     0    0.00000    0   10   62.00000    0.00000   100%     -    1s
     0     0    0.00000    0   10   62.00000    0.00000   100%     -    1s
     0     0    0.00000    0    6   62.00000    0.00000   100%     -    2s
H    0     0                      43.8440000    0.00000   100%     -    2s
H    0     0                      24.0000000    0.00000   100%     -    2s
     0     0    0.00000    0    8   24.00000    0.00000   100%     -    2s
     0     0    0.00000    0    8   24.00000    0.00000   100%     -    2s
     0     0    0.00000    0    8   24.00000    0.00000   100%     -    2s
     0     0    0.00000    0    9   24.00000    0.00000   100%     -    2s
     0     0    0.00000    0   26   24.00000    0.00000   100%     -    2s
     0     0    0.00000    0   18   24.00000    0.00000   100%     -    2s
     0     0    0.00000    0    4   24.00000    0.00000   100%     -    2s
     0     0    0.00000    0   13   24.00000    0.00000   100%     -    2s
     0     0    0.00000    0   24   24.00000    0.00000   100%     -    2s
     0     0    0.00000    0   24   24.00000    0.00000   100%     -    2s
     0     0    0.00000    0   11   24.00000    0.00000   100%     -    2s
     0     0    0.00000    0    7   24.00000    0.00000   100%     -    2s
     0     0    0.00000    0    7   24.00000    0.00000   100%     -    2s
     0     0    0.00000    0   10   24.00000    0.00000   100%     -    2s
H    0     0                      16.4820000    0.00000   100%     -    2s
     0     0    0.00000    0    9   16.48200    0.00000   100%     -    2s
H    0     0                      15.5640000    0.00000   100%     -    2s
     0     0    0.00000    0    9   15.56400    0.00000   100%     -    2s
     0     0    0.00000    0    9   15.56400    0.00000   100%     -    2s
     0     0    0.00000    0    9   15.56400    0.00000   100%     -    2s
     0     0    0.00000    0   14   15.56400    0.00000   100%     -    3s
     0     0    0.00000    0    7   15.56400    0.00000   100%     -    3s
     0     0    0.00000    0    7   15.56400    0.00000   100%     -    3s
     0     2    0.00000    0    7   15.56400    0.00000   100%     -    3s
H   37    34                      13.7280000    0.00000   100%  11.3    3s
H   63    64                      12.0000000    0.00000   100%  17.6    3s
  2193   208    0.00000   34   18   12.00000    0.00000   100%   9.4    5s
  8228   211    0.00000   36   31   12.00000    0.00000   100%  13.4   10s
 11559    79    0.00000   83   12   12.00000    0.00000   100%  18.6   15s

Cutting planes:
  Gomory: 1
  Cover: 1
  Implied bound: 60
  MIR: 4
  Flow cover: 37
  RLT: 9
  Relax-and-lift: 6

Explored 12401 nodes (245143 simplex iterations) in 15.79 seconds (20.12 work units)
Thread count was 8 (of 8 available processors)

Solution count 8: 12 15.564 16.482 ... 63.105

Optimal solution found (tolerance 1.00e-04)
Best objective 1.200000000000e+01, best bound 1.200000000000e+01, gap 0.0000%

Gurobi 11.0.2 (win64) logging started Fri Nov 29 12:20:15 2024

Set parameter LogFile to value "ExactOutput\Node-A5-2_Noise-1\UAV-MGHPDTWVRP-noise.log"
Gurobi Optimizer version 11.0.2 build v11.0.2rc0 (win64 - Windows 10.0 (19045.2))

CPU model: 11th Gen Intel(R) Core(TM) i5-11300H @ 3.10GHz, instruction set [SSE2|AVX|AVX2|AVX512]
Thread count: 4 physical cores, 8 logical processors, using up to 8 threads

Optimize a model with 38463 rows, 18606 columns and 91972 nonzeros
Model fingerprint: 0xdd61d428
Model has 3330 quadratic objective terms
Variable types: 11274 continuous, 7332 integer (7332 binary)
Coefficient statistics:
  Matrix range     [2e-02, 4e+04]
  Objective range  [1e-07, 5e+01]
  QObjective range [2e-07, 2e-07]
  Bounds range     [1e+00, 1e+00]
  RHS range        [1e+00, 1e+05]
Presolve removed 36672 rows and 17693 columns
Presolve time: 1.50s
Presolved: 1791 rows, 913 columns, 10631 nonzeros
Variable types: 245 continuous, 668 integer (668 binary)

Root relaxation: objective 0.000000e+00, 222 iterations, 0.01 seconds (0.00 work units)

    Nodes    |    Current Node    |     Objective Bounds      |     Work
 Expl Unexpl |  Obj  Depth IntInf | Incumbent    BestBd   Gap | It/Node Time

     0     0    0.00000    0    7          -    0.00000      -     -    1s
H    0     0                     806.6733333    0.00000   100%     -    1s
     0     0    0.00000    0   27  806.67333    0.00000   100%     -    1s
     0     0    0.00000    0   27  806.67333    0.00000   100%     -    1s
     0     0    0.00000    0   18  806.67333    0.00000   100%     -    1s
H    0     0                     803.9890000    0.00000   100%     -    1s
     0     0    0.00000    0   18  803.98900    0.00000   100%     -    1s
H    0     0                     146.0960000    0.00000   100%     -    1s
     0     0    0.00000    0    7  146.09600    0.00000   100%     -    1s
     0     0    0.00000    0   12  146.09600    0.00000   100%     -    1s
H    0     0                     130.8650000    0.00000   100%     -    1s
     0     0    0.00000    0    8  130.86500    0.00000   100%     -    1s
     0     0    0.00000    0   11  130.86500    0.00000   100%     -    1s
     0     0    0.00000    0   10  130.86500    0.00000   100%     -    1s
     0     2    0.00000    0    9  130.86500    0.00000   100%     -    1s
H  105   135                     104.8340000    0.00000   100%  29.7    2s
H  182   178                      98.4320000    0.00000   100%  22.6    2s
*  321   178              31      75.0000000    0.00000   100%  19.5    2s
*  673   286              15      62.0000000    0.00000   100%  16.1    2s
*  677   277              17      37.0000000    0.00000   100%  16.0    2s
  4000   711    1.78843   36   19   37.00000    0.00000   100%  18.7    5s
 14193  1017 infeasible   85        37.00000    0.00000   100%  24.9   10s
 26582     0   34.55000   26   11   37.00000   25.00000  32.4%  25.1   15s

Cutting planes:
  Implied bound: 17
  Projected implied bound: 1
  MIR: 2
  Flow cover: 24
  RLT: 3
  Relax-and-lift: 5

Explored 28031 nodes (698512 simplex iterations) in 15.30 seconds (13.98 work units)
Thread count was 8 (of 8 available processors)

Solution count 9: 37 37 62 ... 803.989

Optimal solution found (tolerance 1.00e-04)
Best objective 3.700000000000e+01, best bound 3.700000000000e+01, gap 0.0000%
