
Gurobi 11.0.2 (win64) logging started Thu Nov 28 15:43:55 2024

Set parameter LogFile to value "ExactOutput\Node-A5-3_Noise-1\UAV-MGHPDTWVRP-noise.log"
Gurobi Optimizer version 11.0.2 build v11.0.2rc0 (win64 - Windows 10.0 (19045.2))

CPU model: 11th Gen Intel(R) Core(TM) i5-11300H @ 3.10GHz, instruction set [SSE2|AVX|AVX2|AVX512]
Thread count: 4 physical cores, 8 logical processors, using up to 8 threads

Optimize a model with 38463 rows, 18606 columns and 91756 nonzeros
Model fingerprint: 0xc0b97246
Model has 3330 quadratic objective terms
Variable types: 11274 continuous, 7332 integer (7332 binary)
Coefficient statistics:
  Matrix range     [1e-01, 4e+04]
  Objective range  [1e-07, 5e+01]
  QObjective range [2e-07, 2e-07]
  Bounds range     [1e+00, 1e+00]
  RHS range        [1e+00, 1e+05]
Presolve removed 37197 rows and 17931 columns
Presolve time: 1.64s
Presolved: 1266 rows, 675 columns, 6545 nonzeros
Variable types: 133 continuous, 542 integer (542 binary)

Root relaxation: objective 0.000000e+00, 264 iterations, 0.00 seconds (0.00 work units)

    Nodes    |    Current Node    |     Objective Bounds      |     Work
 Expl Unexpl |  Obj  Depth IntInf | Incumbent    BestBd   Gap | It/Node Time

     0     0    0.00000    0   21          -    0.00000      -     -    1s
H    0     0                      37.0000000    0.00000   100%     -    1s
     0     0    0.00000    0   18   37.00000    0.00000   100%     -    1s
H    0     0                      36.2200000    0.00000   100%     -    1s
     0     0    0.00000    0    4   36.22000    0.00000   100%     -    1s
H    0     0                      26.9770000    0.00000   100%     -    1s
H    0     0                      25.8310000    0.00000   100%     -    1s
     0     0    0.00000    0    4   25.83100    0.00000   100%     -    1s
H    0     0                      25.6540000    0.00000   100%     -    1s
     0     0    0.00000    0    9   25.65400    0.00000   100%     -    1s
     0     0    0.00000    0   23   25.65400    0.00000   100%     -    1s
     0     0    0.00000    0    4   25.65400    0.00000   100%     -    1s
     0     2    0.00000    0    4   25.65400    0.00000   100%     -    1s
H  260   119                      25.0000000    0.00000   100%  17.2    2s
  6202   182 infeasible   24        25.00000    0.00000   100%   6.5    5s

Cutting planes:
  Learned: 1
  Implied bound: 1
  Flow cover: 2

Explored 9692 nodes (193344 simplex iterations) in 6.74 seconds (5.81 work units)
Thread count was 8 (of 8 available processors)

Solution count 6: 25 25.654 25.831 ... 37

Optimal solution found (tolerance 1.00e-04)
Best objective 2.500000000000e+01, best bound 2.500000000000e+01, gap 0.0000%

Gurobi 11.0.2 (win64) logging started Fri Nov 29 12:23:15 2024

Set parameter LogFile to value "ExactOutput\Node-A5-3_Noise-1\UAV-MGHPDTWVRP-noise.log"
Gurobi Optimizer version 11.0.2 build v11.0.2rc0 (win64 - Windows 10.0 (19045.2))

CPU model: 11th Gen Intel(R) Core(TM) i5-11300H @ 3.10GHz, instruction set [SSE2|AVX|AVX2|AVX512]
Thread count: 4 physical cores, 8 logical processors, using up to 8 threads

Optimize a model with 38463 rows, 18606 columns and 92092 nonzeros
Model fingerprint: 0x7c19633c
Model has 3330 quadratic objective terms
Variable types: 11274 continuous, 7332 integer (7332 binary)
Coefficient statistics:
  Matrix range     [3e-02, 4e+04]
  Objective range  [1e-07, 5e+01]
  QObjective range [2e-07, 2e-07]
  Bounds range     [1e+00, 1e+00]
  RHS range        [1e+00, 1e+05]
Presolve removed 36146 rows and 17427 columns
Presolve time: 1.56s
Presolved: 2317 rows, 1179 columns, 16036 nonzeros
Variable types: 321 continuous, 858 integer (858 binary)

Root relaxation: objective 0.000000e+00, 221 iterations, 0.01 seconds (0.00 work units)

    Nodes    |    Current Node    |     Objective Bounds      |     Work
 Expl Unexpl |  Obj  Depth IntInf | Incumbent    BestBd   Gap | It/Node Time

     0     0    0.00000    0   13          -    0.00000      -     -    1s
     0     0    0.00000    0   12          -    0.00000      -     -    1s
     0     0    0.00000    0   15          -    0.00000      -     -    1s
H    0     0                      83.6733333    0.00000   100%     -    1s
     0     0    0.00000    0   10   83.67333    0.00000   100%     -    1s
H    0     0                      82.1993333    0.00000   100%     -    1s
     0     0    0.00000    0   10   82.19933    0.00000   100%     -    1s
     0     0    0.00000    0   11   82.19933    0.00000   100%     -    1s
     0     0    0.00000    0   22   82.19933    0.00000   100%     -    1s
     0     0    0.00000    0    6   82.19933    0.00000   100%     -    1s
     0     0    0.00000    0    6   82.19933    0.00000   100%     -    1s
     0     0    0.00000    0   13   82.19933    0.00000   100%     -    1s
     0     0    0.00000    0   14   82.19933    0.00000   100%     -    1s
H    0     0                      82.0280000    0.00000   100%     -    1s
     0     0    0.00000    0    8   82.02800    0.00000   100%     -    1s
     0     0    0.00000    0   33   82.02800    0.00000   100%     -    1s
     0     0    0.00000    0    9   82.02800    0.00000   100%     -    2s
     0     0    0.00000    0   10   82.02800    0.00000   100%     -    2s
     0     0    0.00000    0   10   82.02800    0.00000   100%     -    2s
H    0     2                      77.4910000    0.00000   100%     -    2s
     0     2    0.00000    0   10   77.49100    0.00000   100%     -    2s
H   36    46                      50.5010000    0.00000   100%  45.2    2s
H  118    95                      38.5010000    0.00000   100%  26.8    2s
H  306   129                      37.0000000    0.00000   100%  18.4    2s
  2525   574    0.00000   17   21   37.00000    0.00000   100%  18.6    5s
 10496   807    0.67824   41   16   37.00000    0.00000   100%  25.4   10s
*17359  1290              64      36.9640000    0.00000   100%  25.9   13s
H17678  1383                      35.0140000    0.00000   100%  26.0   14s
 18971  1535 infeasible   79        35.01400    0.00000   100%  26.2   15s
 29386  1764    7.22000   71   10   35.01400    0.00000   100%  26.4   20s
 31556  1280 infeasible   85        35.01400    0.00000   100%  26.1   25s

Cutting planes:
  Implied bound: 8
  MIR: 3
  Flow cover: 13
  RLT: 1
  Relax-and-lift: 3

Explored 39726 nodes (979714 simplex iterations) in 26.77 seconds (25.57 work units)
Thread count was 8 (of 8 available processors)

Solution count 10: 35.014 35.014 36.964 ... 82.028

Optimal solution found (tolerance 1.00e-04)
Best objective 3.501400000000e+01, best bound 3.501400000000e+01, gap 0.0000%
